<?xml version="1.0" encoding="UTF-8"?>
<coverage generated="1720304410318" clover="3.2.0">
    <project timestamp="1720304410319" name="All files">
        <metrics statements="30" coveredstatements="0" conditionals="3" coveredconditionals="0" methods="4"
                 coveredmethods="0" elements="37" coveredelements="0" complexity="0" loc="30" ncloc="30" packages="4"
                 files="6" classes="6"/>
        <package name="localization">
            <metrics statements="4" coveredstatements="0" conditionals="0" coveredconditionals="0" methods="0"
                     coveredmethods="0"/>
            <file name="ar.ts" path="/Users/tamro/Documents/Projects/ePassApp/src/localization/ar.ts">
                <metrics statements="2" coveredstatements="0" conditionals="0" coveredconditionals="0" methods="0"
                         coveredmethods="0"/>
                <line num="1" count="0" type="stmt"/>
                <line num="14" count="0" type="stmt"/>
            </file>
            <file name="en.ts" path="/Users/tamro/Documents/Projects/ePassApp/src/localization/en.ts">
                <metrics statements="2" coveredstatements="0" conditionals="0" coveredconditionals="0" methods="0"
                         coveredmethods="0"/>
                <line num="1" count="0" type="stmt"/>
                <line num="14" count="0" type="stmt"/>
            </file>
        </package>
        <package name="services">
            <metrics statements="15" coveredstatements="0" conditionals="3" coveredconditionals="0" methods="1"
                     coveredmethods="0"/>
            <file name="notificationService.ts"
                  path="/Users/tamro/Documents/Projects/ePassApp/src/services/notificationService.ts">
                <metrics statements="15" coveredstatements="0" conditionals="3" coveredconditionals="0" methods="1"
                         coveredmethods="0"/>
                <line num="1" count="0" type="stmt"/>
                <line num="2" count="0" type="stmt"/>
                <line num="4" count="0" type="stmt"/>
                <line num="6" count="0" type="cond" truecount="0" falsecount="1"/>
                <line num="7" count="0" type="stmt"/>
                <line num="15" count="0" type="stmt"/>
                <line num="16" count="0" type="stmt"/>
                <line num="17" count="0" type="cond" truecount="0" falsecount="1"/>
                <line num="18" count="0" type="stmt"/>
                <line num="19" count="0" type="stmt"/>
                <line num="21" count="0" type="cond" truecount="0" falsecount="1"/>
                <line num="22" count="0" type="stmt"/>
                <line num="23" count="0" type="stmt"/>
                <line num="25" count="0" type="stmt"/>
                <line num="27" count="0" type="stmt"/>
            </file>
        </package>
        <package name="theme">
            <metrics statements="2" coveredstatements="0" conditionals="0" coveredconditionals="0" methods="0"
                     coveredmethods="0"/>
            <file name="theme.ts" path="/Users/tamro/Documents/Projects/ePassApp/src/theme/theme.ts">
                <metrics statements="2" coveredstatements="0" conditionals="0" coveredconditionals="0" methods="0"
                         coveredmethods="0"/>
                <line num="1" count="0" type="stmt"/>
                <line num="3" count="0" type="stmt"/>
            </file>
        </package>
        <package name="utils">
            <metrics statements="9" coveredstatements="0" conditionals="0" coveredconditionals="0" methods="3"
                     coveredmethods="0"/>
            <file name="helper.ts" path="/Users/tamro/Documents/Projects/ePassApp/src/utils/helper.ts">
                <metrics statements="7" coveredstatements="0" conditionals="0" coveredconditionals="0" methods="2"
                         coveredmethods="0"/>
                <line num="1" count="0" type="stmt"/>
                <line num="8" count="0" type="stmt"/>
                <line num="9" count="0" type="stmt"/>
                <line num="10" count="0" type="stmt"/>
                <line num="11" count="0" type="stmt"/>
                <line num="14" count="0" type="stmt"/>
                <line num="15" count="0" type="stmt"/>
            </file>
            <file name="usernameValidationSchema.ts"
                  path="/Users/tamro/Documents/Projects/ePassApp/src/utils/usernameValidationSchema.ts">
                <metrics statements="2" coveredstatements="0" conditionals="0" coveredconditionals="0" methods="1"
                         coveredmethods="0"/>
                <line num="1" count="0" type="stmt"/>
                <line num="4" count="0" type="stmt"/>
            </file>
        </package>
    </project>
</coverage>
