{
    "/Users/tamro/Documents/Projects/ePassApp/src/localization/ar.ts": {
        "path": "/Users/tamro/Documents/Projects/ePassApp/src/localization/ar.ts",
        "statementMap": {
            "0": {
                "start": {
                    "line": 1,
                    "column": 19
                },
                "end": {
                    "line": 12,
                    "column": 2
                }
            },
            "1": {
                "start": {
                    "line": 14,
                    "column": 0
                },
                "end": {
                    "line": 14,
                    "column": 26
                }
            }
        },
        "fnMap": {},
        "branchMap": {},
        "s": {
            "0": 0,
            "1": 0
        },
        "f": {},
        "b": {}
    },
    "/Users/tamro/Documents/Projects/ePassApp/src/localization/en.ts": {
        "path": "/Users/tamro/Documents/Projects/ePassApp/src/localization/en.ts",
        "statementMap": {
            "0": {
                "start": {
                    "line": 1,
                    "column": 19
                },
                "end": {
                    "line": 12,
                    "column": 2
                }
            },
            "1": {
                "start": {
                    "line": 14,
                    "column": 0
                },
                "end": {
                    "line": 14,
                    "column": 26
                }
            }
        },
        "fnMap": {},
        "branchMap": {},
        "s": {
            "0": 0,
            "1": 0
        },
        "f": {},
        "b": {}
    },
    "/Users/tamro/Documents/Projects/ePassApp/src/services/notificationService.ts": {
        "path": "/Users/tamro/Documents/Projects/ePassApp/src/services/notificationService.ts",
        "statementMap": {
            "0": {
                "start": {
                    "line": 4,
                    "column": 0
                },
                "end": {
                    "line": 4,
                    "column": 7
                }
            },
            "1": {
                "start": {
                    "line": 1,
                    "column": 0
                },
                "end": {
                    "line": 1,
                    "column": 40
                }
            },
            "2": {
                "start": {
                    "line": 2,
                    "column": 0
                },
                "end": {
                    "line": 2,
                    "column": 52
                }
            },
            "3": {
                "start": {
                    "line": 6,
                    "column": 4
                },
                "end": {
                    "line": 13,
                    "column": 5
                }
            },
            "4": {
                "start": {
                    "line": 7,
                    "column": 8
                },
                "end": {
                    "line": 12,
                    "column": 11
                }
            },
            "5": {
                "start": {
                    "line": 15,
                    "column": 39
                },
                "end": {
                    "line": 15,
                    "column": 80
                }
            },
            "6": {
                "start": {
                    "line": 16,
                    "column": 22
                },
                "end": {
                    "line": 16,
                    "column": 36
                }
            },
            "7": {
                "start": {
                    "line": 17,
                    "column": 4
                },
                "end": {
                    "line": 20,
                    "column": 5
                }
            },
            "8": {
                "start": {
                    "line": 18,
                    "column": 27
                },
                "end": {
                    "line": 18,
                    "column": 72
                }
            },
            "9": {
                "start": {
                    "line": 19,
                    "column": 8
                },
                "end": {
                    "line": 19,
                    "column": 29
                }
            },
            "10": {
                "start": {
                    "line": 21,
                    "column": 4
                },
                "end": {
                    "line": 24,
                    "column": 5
                }
            },
            "11": {
                "start": {
                    "line": 22,
                    "column": 8
                },
                "end": {
                    "line": 22,
                    "column": 65
                }
            },
            "12": {
                "start": {
                    "line": 23,
                    "column": 8
                },
                "end": {
                    "line": 23,
                    "column": 15
                }
            },
            "13": {
                "start": {
                    "line": 25,
                    "column": 4
                },
                "end": {
                    "line": 25,
                    "column": 63
                }
            },
            "14": {
                "start": {
                    "line": 27,
                    "column": 4
                },
                "end": {
                    "line": 27,
                    "column": 17
                }
            }
        },
        "fnMap": {
            "0": {
                "name": "registerForPushNotificationsAsync",
                "decl": {
                    "start": {
                        "line": 4,
                        "column": 22
                    },
                    "end": {
                        "line": 4,
                        "column": 55
                    }
                },
                "loc": {
                    "start": {
                        "line": 4,
                        "column": 55
                    },
                    "end": {
                        "line": 28,
                        "column": 1
                    }
                }
            }
        },
        "branchMap": {
            "0": {
                "loc": {
                    "start": {
                        "line": 6,
                        "column": 4
                    },
                    "end": {
                        "line": 13,
                        "column": 5
                    }
                },
                "type": "if",
                "locations": [
                    {
                        "start": {
                            "line": 6,
                            "column": 4
                        },
                        "end": {
                            "line": 13,
                            "column": 5
                        }
                    }
                ]
            },
            "1": {
                "loc": {
                    "start": {
                        "line": 17,
                        "column": 4
                    },
                    "end": {
                        "line": 20,
                        "column": 5
                    }
                },
                "type": "if",
                "locations": [
                    {
                        "start": {
                            "line": 17,
                            "column": 4
                        },
                        "end": {
                            "line": 20,
                            "column": 5
                        }
                    }
                ]
            },
            "2": {
                "loc": {
                    "start": {
                        "line": 21,
                        "column": 4
                    },
                    "end": {
                        "line": 24,
                        "column": 5
                    }
                },
                "type": "if",
                "locations": [
                    {
                        "start": {
                            "line": 21,
                            "column": 4
                        },
                        "end": {
                            "line": 24,
                            "column": 5
                        }
                    }
                ]
            }
        },
        "s": {
            "0": 0,
            "1": 0,
            "2": 0,
            "3": 0,
            "4": 0,
            "5": 0,
            "6": 0,
            "7": 0,
            "8": 0,
            "9": 0,
            "10": 0,
            "11": 0,
            "12": 0,
            "13": 0,
            "14": 0
        },
        "f": {
            "0": 0
        },
        "b": {
            "0": [
                0
            ],
            "1": [
                0
            ],
            "2": [
                0
            ]
        }
    },
    "/Users/tamro/Documents/Projects/ePassApp/src/theme/theme.ts": {
        "path": "/Users/tamro/Documents/Projects/ePassApp/src/theme/theme.ts",
        "statementMap": {
            "0": {
                "start": {
                    "line": 1,
                    "column": 0
                },
                "end": {
                    "line": 1,
                    "column": 64
                }
            },
            "1": {
                "start": {
                    "line": 3,
                    "column": 13
                },
                "end": {
                    "line": 57,
                    "column": 2
                }
            }
        },
        "fnMap": {},
        "branchMap": {},
        "s": {
            "0": 0,
            "1": 0
        },
        "f": {},
        "b": {}
    },
    "/Users/tamro/Documents/Projects/ePassApp/src/utils/helper.ts": {
        "path": "/Users/tamro/Documents/Projects/ePassApp/src/utils/helper.ts",
        "statementMap": {
            "0": {
                "start": {
                    "line": 1,
                    "column": 13
                },
                "end": {
                    "line": 6,
                    "column": 2
                }
            },
            "1": {
                "start": {
                    "line": 8,
                    "column": 13
                },
                "end": {
                    "line": 8,
                    "column": 62
                }
            },
            "2": {
                "start": {
                    "line": 9,
                    "column": 0
                },
                "end": {
                    "line": 12,
                    "column": 3
                }
            },
            "3": {
                "start": {
                    "line": 10,
                    "column": 18
                },
                "end": {
                    "line": 10,
                    "column": 32
                }
            },
            "4": {
                "start": {
                    "line": 11,
                    "column": 4
                },
                "end": {
                    "line": 11,
                    "column": 34
                }
            },
            "5": {
                "start": {
                    "line": 14,
                    "column": 30
                },
                "end": {
                    "line": 16,
                    "column": 1
                }
            },
            "6": {
                "start": {
                    "line": 15,
                    "column": 4
                },
                "end": {
                    "line": 15,
                    "column": 42
                }
            },
            "7": {
                "start": {
                    "line": 14,
                    "column": 13
                },
                "end": {
                    "line": 14,
                    "column": 30
                }
            }
        },
        "fnMap": {
            "0": {
                "name": "(anonymous_0)",
                "decl": {
                    "start": {
                        "line": 9,
                        "column": 31
                    },
                    "end": {
                        "line": 9,
                        "column": 34
                    }
                },
                "loc": {
                    "start": {
                        "line": 9,
                        "column": 37
                    },
                    "end": {
                        "line": 12,
                        "column": 1
                    }
                }
            },
            "1": {
                "name": "(anonymous_1)",
                "decl": {
                    "start": {
                        "line": 14,
                        "column": 30
                    },
                    "end": {
                        "line": 14,
                        "column": 31
                    }
                },
                "loc": {
                    "start": {
                        "line": 14,
                        "column": 75
                    },
                    "end": {
                        "line": 16,
                        "column": 1
                    }
                }
            }
        },
        "branchMap": {},
        "s": {
            "0": 0,
            "1": 0,
            "2": 0,
            "3": 0,
            "4": 0,
            "5": 0,
            "6": 0,
            "7": 0
        },
        "f": {
            "0": 0,
            "1": 0
        },
        "b": {}
    },
    "/Users/tamro/Documents/Projects/ePassApp/src/utils/usernameValidationSchema.ts": {
        "path": "/Users/tamro/Documents/Projects/ePassApp/src/utils/usernameValidationSchema.ts",
        "statementMap": {
            "0": {
                "start": {
                    "line": 1,
                    "column": 0
                },
                "end": {
                    "line": 1,
                    "column": 27
                }
            },
            "1": {
                "start": {
                    "line": 4,
                    "column": 43
                },
                "end": {
                    "line": 9,
                    "column": 2
                }
            },
            "2": {
                "start": {
                    "line": 4,
                    "column": 89
                },
                "end": {
                    "line": 9,
                    "column": 2
                }
            },
            "3": {
                "start": {
                    "line": 4,
                    "column": 13
                },
                "end": {
                    "line": 4,
                    "column": 43
                }
            }
        },
        "fnMap": {
            "0": {
                "name": "(anonymous_6)",
                "decl": {
                    "start": {
                        "line": 4,
                        "column": 43
                    },
                    "end": {
                        "line": 4,
                        "column": 44
                    }
                },
                "loc": {
                    "start": {
                        "line": 4,
                        "column": 89
                    },
                    "end": {
                        "line": 9,
                        "column": 2
                    }
                }
            }
        },
        "branchMap": {},
        "s": {
            "0": 0,
            "1": 0,
            "2": 0,
            "3": 0
        },
        "f": {
            "0": 0
        },
        "b": {}
    }
}
